<?xml version="1.0" encoding="UTF-8"?>
<testsuite xmlns:xsi="http://www.w3.org/2001/XMLSchema-instance" xsi:noNamespaceSchemaLocation="https://maven.apache.org/surefire/maven-surefire-plugin/xsd/surefire-test-report.xsd" name="restAPI.LoginResource_Test" time="4.956" tests="2" errors="0" skipped="0" failures="0">
  <properties>
[...]
</properties>
  <testcase name="test" classname="restAPI.LoginResource_Test" time="1.197"/>
  <testcase name="test2" classname="restAPI.LoginResource_Test" time="0.782"/>
</testsuite>